2021-12-30 18:39:07 [scrapy] DEBUG: Crawled (200) <GET https://store.steampowered.com/robots.txt> (referer: None) ['cached']
2021-12-30 18:39:07 [scrapy] DEBUG: Crawled (200) <GET https://store.steampowered.com/search/?filter=topsellers/> (referer: None) ['cached']
2021-12-30 18:39:08 [scrapy] ERROR: Spider error processing <GET https://store.steampowered.com/search/?filter=topsellers/> (referer: None)
Traceback (most recent call last):
  File "C:\Users\Afrin Peshimam\AppData\Local\Programs\Python\Python39\lib\site-packages\itemloaders\processors.py", line 71, in __call__
    next_values += arg_to_iter(func(v))
  File "C:\Users\Afrin Peshimam\Downloads\AFRIN\WebScraping\Scrapy\steam_web\steam\items.py", line 54, in get_original_price
    original_price= original_price.replace("\u20b9 ", "")
AttributeError: 'list' object has no attribute 'replace'

During handling of the above exception, another exception occurred:

Traceback (most recent call last):
  File "C:\Users\Afrin Peshimam\AppData\Local\Programs\Python\Python39\lib\site-packages\itemloaders\__init__.py", line 316, in _process_input_value
    return proc(value)
  File "C:\Users\Afrin Peshimam\AppData\Local\Programs\Python\Python39\lib\site-packages\itemloaders\processors.py", line 73, in __call__
    raise ValueError("Error in MapCompose with "
ValueError: Error in MapCompose with <function get_original_price at 0x0000019956EB4550> value=['<div class="col search_price_discount_combined responsive_secondrow" data-price-final="114000">\r\n                    <div class="col search_discount responsive_secondrow">\r\n                        \r\n                    </div>\r\n                    <div class="col search_price  responsive_secondrow">\r\n                        Free to Play                    </div>\r\n                </div>'] error='AttributeError: 'list' object has no attribute 'replace''

During handling of the above exception, another exception occurred:

Traceback (most recent call last):
  File "C:\Users\Afrin Peshimam\AppData\Local\Programs\Python\Python39\lib\site-packages\scrapy\utils\defer.py", line 120, in iter_errback
    yield next(it)
  File "C:\Users\Afrin Peshimam\AppData\Local\Programs\Python\Python39\lib\site-packages\scrapy\utils\python.py", line 353, in __next__
    return next(self.data)
  File "C:\Users\Afrin Peshimam\AppData\Local\Programs\Python\Python39\lib\site-packages\scrapy\utils\python.py", line 353, in __next__
    return next(self.data)
  File "C:\Users\Afrin Peshimam\AppData\Local\Programs\Python\Python39\lib\site-packages\scrapy\core\spidermw.py", line 56, in _evaluate_iterable
    for r in iterable:
  File "C:\Users\Afrin Peshimam\AppData\Local\Programs\Python\Python39\lib\site-packages\scrapy\spidermiddlewares\offsite.py", line 29, in process_spider_output
    for x in result:
  File "C:\Users\Afrin Peshimam\AppData\Local\Programs\Python\Python39\lib\site-packages\scrapy\core\spidermw.py", line 56, in _evaluate_iterable
    for r in iterable:
  File "C:\Users\Afrin Peshimam\AppData\Local\Programs\Python\Python39\lib\site-packages\scrapy\spidermiddlewares\referer.py", line 342, in <genexpr>
    return (_set_referer(r) for r in result or ())
  File "C:\Users\Afrin Peshimam\AppData\Local\Programs\Python\Python39\lib\site-packages\scrapy\core\spidermw.py", line 56, in _evaluate_iterable
    for r in iterable:
  File "C:\Users\Afrin Peshimam\AppData\Local\Programs\Python\Python39\lib\site-packages\scrapy\spidermiddlewares\urllength.py", line 40, in <genexpr>
    return (r for r in result or () if _filter(r))
  File "C:\Users\Afrin Peshimam\AppData\Local\Programs\Python\Python39\lib\site-packages\scrapy\core\spidermw.py", line 56, in _evaluate_iterable
    for r in iterable:
  File "C:\Users\Afrin Peshimam\AppData\Local\Programs\Python\Python39\lib\site-packages\scrapy\spidermiddlewares\depth.py", line 58, in <genexpr>
    return (r for r in result or () if _filter(r))
  File "C:\Users\Afrin Peshimam\AppData\Local\Programs\Python\Python39\lib\site-packages\scrapy\core\spidermw.py", line 56, in _evaluate_iterable
    for r in iterable:
  File "C:\Users\Afrin Peshimam\Downloads\AFRIN\WebScraping\Scrapy\steam_web\steam\spiders\best_selling.py", line 23, in parse
    loader.add_xpath("original_price", ".//div[contains(@class, 'search_price_discount_combined')]")
  File "C:\Users\Afrin Peshimam\AppData\Local\Programs\Python\Python39\lib\site-packages\itemloaders\__init__.py", line 350, in add_xpath
    self.add_value(field_name, values, *processors, **kw)
  File "C:\Users\Afrin Peshimam\AppData\Local\Programs\Python\Python39\lib\site-packages\itemloaders\__init__.py", line 190, in add_value
    self._add_value(field_name, value)
  File "C:\Users\Afrin Peshimam\AppData\Local\Programs\Python\Python39\lib\site-packages\itemloaders\__init__.py", line 208, in _add_value
    processed_value = self._process_input_value(field_name, value)
  File "C:\Users\Afrin Peshimam\AppData\Local\Programs\Python\Python39\lib\site-packages\itemloaders\__init__.py", line 318, in _process_input_value
    raise ValueError(
ValueError: Error with input processor MapCompose: field='original_price' value=['<div class="col search_price_discount_combined responsive_secondrow" data-price-final="114000">\r\n                    <div class="col search_discount responsive_secondrow">\r\n                        \r\n                    </div>\r\n                    <div class="col search_price  responsive_secondrow">\r\n                        Free to Play                    </div>\r\n                </div>'] error='ValueError: Error in MapCompose with <function get_original_price at 0x0000019956EB4550> value=['<div class="col search_price_discount_combined responsive_secondrow" data-price-final="114000">\r\n                    <div class="col search_discount responsive_secondrow">\r\n                        \r\n                    </div>\r\n                    <div class="col search_price  responsive_secondrow">\r\n                        Free to Play                    </div>\r\n                </div>'] error='AttributeError: 'list' object has no attribute 'replace'''
2021-12-30 18:39:08 [scrapy] INFO: Closing spider (finished)
2021-12-30 18:39:08 [scrapy] INFO: Dumping Scrapy stats:
{'downloader/request_bytes': 480,
 'downloader/request_count': 2,
 'downloader/request_method_count/GET': 2,
 'downloader/response_bytes': 41677,
 'downloader/response_count': 2,
 'downloader/response_status_count/200': 2,
 'elapsed_time_seconds': 0.200735,
 'finish_reason': 'finished',
 'finish_time': datetime.datetime(2021, 12, 30, 13, 9, 8, 109577),
 'httpcache/hit': 2,
 'httpcompression/response_bytes': 609519,
 'httpcompression/response_count': 1,
 'log_count/DEBUG': 4,
 'log_count/ERROR': 1,
 'log_count/INFO': 7,
 'response_received_count': 2,
 'robotstxt/request_count': 1,
 'robotstxt/response_count': 1,
 'robotstxt/response_status_count/200': 1,
 'scheduler/dequeued': 1,
 'scheduler/dequeued/memory': 1,
 'scheduler/enqueued': 1,
 'scheduler/enqueued/memory': 1,
 'spider_exceptions/ValueError': 1,
 'start_time': datetime.datetime(2021, 12, 30, 13, 9, 7, 908842)}
2021-12-30 18:39:08 [scrapy] INFO: Spider closed (finished)
